nohup: ignoring input
Loading pretrained AlphaGenome model...
Kaggle credentials set.
Kaggle credentials successfully validated.
/mnt/calc/homes/d.smirnova/.local/lib/python3.12/site-packages/pyfaidx/__init__.py:589: UserWarning: for fsspec: HTTPFileSystem assuming index is current
  warnings.warn("for fsspec: %s assuming index is current" % type(self._fs).__name__)
/mnt/calc/homes/d.smirnova/.local/lib/python3.12/site-packages/pyfaidx/__init__.py:589: UserWarning: for fsspec: HTTPFileSystem assuming index is current
  warnings.warn("for fsspec: %s assuming index is current" % type(self._fs).__name__)
✓ Pretrained model loaded
Initializing heads: ['promoter_effect_head']
Initializing parameters... (seq_len=16384)
✓ Head parameters initialized
Merging pretrained backbone with heads...
✓ Parameters merged
✓ Model created successfully
  Total parameters: 450,454,150
  Heads: ['promoter_effect_head']

Epoch 1/10
Training: 0it [00:00, ?it/s]E0313 14:57:27.047609 1845537 cuda_timer.cc:87] Delay kernel timed out: measured time has sub-optimal accuracy. There may be a missing warmup execution, please investigate in Nsight Systems.
E0313 14:57:27.378998 1845734 cuda_timer.cc:87] Delay kernel timed out: measured time has sub-optimal accuracy. There may be a missing warmup execution, please investigate in Nsight Systems.
E0313 14:57:29.197999 1845703 cuda_timer.cc:87] Delay kernel timed out: measured time has sub-optimal accuracy. There may be a missing warmup execution, please investigate in Nsight Systems.
E0313 14:57:31.469802 1845718 cuda_timer.cc:87] Delay kernel timed out: measured time has sub-optimal accuracy. There may be a missing warmup execution, please investigate in Nsight Systems.
